\BOOKMARK [0][-]{chapter*.2}{\376\377\000D\000e\000d\000i\000c\000a\000t\000i\000o\000n}{}% 1
\BOOKMARK [0][-]{chapter*.3}{\376\377\000A\000c\000k\000n\000o\000w\000l\000e\000d\000g\000m\000e\000n\000t\000s}{}% 2
\BOOKMARK [0][-]{chapter*.4}{\376\377\000R\000\351\000s\000u\000m\000\351}{}% 3
\BOOKMARK [0][-]{chapter*.5}{\376\377\000S\000u\000m\000m\000a\000r\000y}{}% 4
\BOOKMARK [0][-]{chapter*.6}{\376\377\000A\000r\000a\000b\000i\000c\000\040\000A\000b\000s\000t\000r\000a\000c\000t}{}% 5
\BOOKMARK [0][-]{chapter*.7}{\376\377\000L\000i\000s\000t\000\040\000o\000f\000\040\000F\000i\000g\000u\000r\000e\000s}{}% 6
\BOOKMARK [0][-]{chapter*.8}{\376\377\000L\000i\000s\000t\000\040\000o\000f\000\040\000T\000a\000b\000l\000e\000s}{}% 7
\BOOKMARK [0][-]{chapter*.9}{\376\377\000L\000i\000s\000t\000\040\000o\000f\000\040\000L\000i\000s\000t\000i\000n\000g\000s}{}% 8
\BOOKMARK [0][-]{chapter*.10}{\376\377\000T\000a\000b\000l\000e\000\040\000o\000f\000\040\000C\000o\000n\000t\000e\000n\000t\000s}{}% 9
\BOOKMARK [0][-]{chapter.11}{\376\377\000G\000e\000n\000e\000r\000a\000l\000\040\000P\000r\000o\000j\000e\000c\000t\000\040\000C\000o\000n\000t\000e\000x\000t}{}% 10
\BOOKMARK [1][-]{section.12}{\376\377\000H\000o\000s\000t\000\040\000O\000r\000g\000a\000n\000i\000z\000a\000t\000i\000o\000n}{chapter.11}% 11
\BOOKMARK [1][-]{section.14}{\376\377\000T\000e\000a\000m\000\040\000P\000r\000e\000s\000e\000n\000t\000a\000t\000i\000o\000n}{chapter.11}% 12
\BOOKMARK [2][-]{subsection.15}{\376\377\000T\000h\000e\000\040\000D\000a\000t\000a\000\040\000I\000n\000t\000e\000l\000l\000i\000g\000e\000n\000c\000e\000\040\000S\000e\000r\000v\000i\000c\000e\000s\000\040\000T\000e\000a\000m}{section.14}% 13
\BOOKMARK [2][-]{subsection.17}{\376\377\000V\000i\000s\000u\000a\000l\000i\000z\000a\000t\000i\000o\000n\000\040\000D\000o\000m\000a\000i\000n}{section.14}% 14
\BOOKMARK [2][-]{subsection.18}{\376\377\000T\000e\000a\000m\000\040\000O\000r\000g\000a\000n\000i\000z\000a\000t\000i\000o\000n\000\040\000a\000n\000d\000\040\000I\000n\000t\000e\000r\000n\000s\000h\000i\000p\000\040\000I\000n\000t\000e\000g\000r\000a\000t\000i\000o\000n}{section.14}% 15
\BOOKMARK [1][-]{section.20}{\376\377\000G\000e\000n\000e\000r\000a\000l\000\040\000P\000r\000o\000j\000e\000c\000t\000\040\000P\000r\000e\000s\000e\000n\000t\000a\000t\000i\000o\000n}{chapter.11}% 16
\BOOKMARK [2][-]{subsection.21}{\376\377\000P\000r\000o\000j\000e\000c\000t\000\040\000P\000r\000e\000s\000e\000n\000t\000a\000t\000i\000o\000n}{section.20}% 17
\BOOKMARK [2][-]{subsection.22}{\376\377\000E\000x\000i\000s\000t\000i\000n\000g\000\040\000C\000o\000n\000t\000e\000x\000t\000\040\000a\000n\000d\000\040\000L\000i\000m\000i\000t\000a\000t\000i\000o\000n\000s}{section.20}% 18
\BOOKMARK [2][-]{subsection.23}{\376\377\000P\000r\000o\000j\000e\000c\000t\000\040\000O\000b\000j\000e\000c\000t\000i\000v\000e\000s}{section.20}% 19
\BOOKMARK [2][-]{subsection.24}{\376\377\000P\000r\000o\000p\000o\000s\000e\000d\000\040\000S\000o\000l\000u\000t\000i\000o\000n}{section.20}% 20
\BOOKMARK [1][-]{section.25}{\376\377\000P\000r\000o\000j\000e\000c\000t\000\040\000M\000a\000n\000a\000g\000e\000m\000e\000n\000t}{chapter.11}% 21
\BOOKMARK [2][-]{subsection.26}{\376\377\000W\000o\000r\000k\000\040\000A\000p\000p\000r\000o\000a\000c\000h}{section.25}% 22
\BOOKMARK [2][-]{subsection.27}{\376\377\000F\000o\000l\000l\000o\000w\000-\000u\000p\000\040\000a\000n\000d\000\040\000T\000a\000s\000k\000\040\000O\000r\000g\000a\000n\000i\000z\000a\000t\000i\000o\000n}{section.25}% 23
\BOOKMARK [2][-]{subsection.31}{\376\377\000C\000o\000l\000l\000a\000b\000o\000r\000a\000t\000i\000o\000n\000\040\000T\000o\000o\000l\000s}{section.25}% 24
\BOOKMARK [2][-]{subsection.32}{\376\377\000P\000r\000o\000j\000e\000c\000t\000\040\000P\000l\000a\000n\000n\000i\000n\000g}{section.25}% 25
\BOOKMARK [0][-]{chapter.33}{\376\377\000D\000I\000S\000\040\000P\000l\000a\000t\000f\000o\000r\000m\000\040\000C\000o\000n\000t\000e\000x\000t\000\040\000a\000n\000d\000\040\000A\000r\000c\000h\000i\000t\000e\000c\000t\000u\000r\000e}{}% 26
\BOOKMARK [1][-]{section.34}{\376\377\000D\000I\000S\000\040\000P\000l\000a\000t\000f\000o\000r\000m\000\040\000O\000v\000e\000r\000v\000i\000e\000w}{chapter.33}% 27
\BOOKMARK [2][-]{subsection.35}{\376\377\000P\000u\000r\000p\000o\000s\000e\000\040\000a\000n\000d\000\040\000S\000c\000o\000p\000e}{section.34}% 28
\BOOKMARK [2][-]{subsection.37}{\376\377\000R\000e\000g\000i\000o\000n\000a\000l\000\040\000A\000v\000a\000i\000l\000a\000b\000i\000l\000i\000t\000y}{section.34}% 29
\BOOKMARK [2][-]{subsection.39}{\376\377\000A\000n\000a\000l\000y\000t\000i\000c\000s\000\040\000C\000a\000p\000a\000b\000i\000l\000i\000t\000i\000e\000s}{section.34}% 30
\BOOKMARK [1][-]{section.40}{\376\377\000P\000l\000a\000t\000f\000o\000r\000m\000\040\000O\000p\000e\000r\000a\000t\000i\000n\000g\000\040\000M\000o\000d\000e\000l}{chapter.33}% 31
\BOOKMARK [2][-]{subsection.41}{\376\377\000M\000u\000l\000t\000i\000-\000T\000e\000n\000a\000n\000c\000y\000\040\000a\000n\000d\000\040\000R\000e\000s\000o\000u\000r\000c\000e\000\040\000I\000s\000o\000l\000a\000t\000i\000o\000n}{section.40}% 32
\BOOKMARK [2][-]{subsection.43}{\376\377\000P\000r\000o\000v\000i\000s\000i\000o\000n\000i\000n\000g\000\040\000L\000i\000f\000e\000c\000y\000c\000l\000e}{section.40}% 33
\BOOKMARK [1][-]{section.45}{\376\377\000F\000u\000n\000c\000t\000i\000o\000n\000a\000l\000\040\000A\000r\000c\000h\000i\000t\000e\000c\000t\000u\000r\000e}{chapter.33}% 34
\BOOKMARK [2][-]{subsection.46}{\376\377\000A\000n\000a\000l\000y\000t\000i\000c\000s\000\040\000W\000o\000r\000k\000f\000l\000o\000w}{section.45}% 35
\BOOKMARK [2][-]{subsection.48}{\376\377\000D\000a\000t\000a\000\040\000I\000n\000g\000e\000s\000t\000i\000o\000n}{section.45}% 36
\BOOKMARK [2][-]{subsection.49}{\376\377\000D\000a\000t\000a\000\040\000P\000r\000o\000c\000e\000s\000s\000i\000n\000g}{section.45}% 37
\BOOKMARK [2][-]{subsection.50}{\376\377\000V\000i\000s\000u\000a\000l\000i\000z\000a\000t\000i\000o\000n}{section.45}% 38
\BOOKMARK [1][-]{section.51}{\376\377\000S\000o\000f\000t\000w\000a\000r\000e\000\040\000A\000r\000c\000h\000i\000t\000e\000c\000t\000u\000r\000e}{chapter.33}% 39
\BOOKMARK [2][-]{subsection.52}{\376\377\000A\000r\000c\000h\000i\000t\000e\000c\000t\000u\000r\000a\000l\000\040\000P\000r\000i\000n\000c\000i\000p\000l\000e\000s}{section.51}% 40
\BOOKMARK [2][-]{subsection.54}{\376\377\000M\000i\000c\000r\000o\000s\000e\000r\000v\000i\000c\000e\000s\000\040\000A\000r\000c\000h\000i\000t\000e\000c\000t\000u\000r\000e}{section.51}% 41
\BOOKMARK [2][-]{subsection.56}{\376\377\000C\000o\000r\000e\000\040\000P\000l\000a\000t\000f\000o\000r\000m\000\040\000S\000e\000r\000v\000i\000c\000e\000s}{section.51}% 42
\BOOKMARK [0][-]{chapter.58}{\376\377\000P\000r\000o\000p\000o\000s\000e\000d\000\040\000S\000o\000l\000u\000t\000i\000o\000n\000s\000\040\000a\000n\000d\000\040\000D\000e\000v\000e\000l\000o\000p\000m\000e\000n\000t}{}% 43
\BOOKMARK [1][-]{section.59}{\376\377\000O\000A\000C\000\040\000C\000r\000o\000s\000s\000-\000R\000e\000g\000i\000o\000n\000\040\000D\000i\000s\000a\000s\000t\000e\000r\000\040\000R\000e\000c\000o\000v\000e\000r\000y\000\040\000A\000u\000t\000o\000m\000a\000t\000i\000o\000n}{chapter.58}% 44
\BOOKMARK [2][-]{subsection.60}{\376\377\000C\000o\000n\000t\000e\000x\000t\000\040\000a\000n\000d\000\040\000P\000r\000o\000b\000l\000e\000m\000\040\000A\000n\000a\000l\000y\000s\000i\000s}{section.59}% 45
\BOOKMARK [2][-]{subsection.62}{\376\377\000R\000e\000q\000u\000i\000r\000e\000m\000e\000n\000t\000s\000\040\000A\000n\000a\000l\000y\000s\000i\000s}{section.59}% 46
\BOOKMARK [2][-]{subsection.64}{\376\377\000A\000r\000c\000h\000i\000t\000e\000c\000t\000u\000r\000e\000\040\000a\000n\000d\000\040\000R\000e\000q\000u\000e\000s\000t\000\040\000C\000o\000o\000r\000d\000i\000n\000a\000t\000i\000o\000n}{section.59}% 47
\BOOKMARK [2][-]{subsection.66}{\376\377\000B\000a\000c\000k\000u\000p\000\040\000a\000n\000d\000\040\000C\000r\000o\000s\000s\000-\000R\000e\000g\000i\000o\000n\000\040\000R\000e\000a\000d\000i\000n\000e\000s\000s}{section.59}% 48
\BOOKMARK [2][-]{subsection.69}{\376\377\000R\000e\000c\000o\000v\000e\000r\000y\000\040\000W\000o\000r\000k\000f\000l\000o\000w\000\040\000a\000n\000d\000\040\000C\000o\000n\000t\000e\000n\000t\000\040\000R\000e\000s\000t\000o\000r\000a\000t\000i\000o\000n}{section.59}% 49
\BOOKMARK [2][-]{subsection.88}{\376\377\000F\000a\000i\000l\000u\000r\000e\000\040\000H\000a\000n\000d\000l\000i\000n\000g\000\040\000a\000n\000d\000\040\000O\000p\000e\000r\000a\000t\000i\000o\000n\000a\000l\000\040\000M\000o\000n\000i\000t\000o\000r\000i\000n\000g}{section.59}% 50
\BOOKMARK [2][-]{subsection.90}{\376\377\000S\000w\000i\000t\000c\000h\000b\000a\000c\000k\000\040\000a\000n\000d\000\040\000S\000t\000a\000n\000d\000b\000y\000\040\000C\000l\000e\000a\000n\000u\000p}{section.59}% 51
\BOOKMARK [2][-]{subsection.94}{\376\377\000V\000a\000l\000i\000d\000a\000t\000i\000o\000n\000\040\000S\000t\000r\000a\000t\000e\000g\000y}{section.59}% 52
\BOOKMARK [2][-]{subsection.96}{\376\377\000C\000o\000n\000c\000l\000u\000s\000i\000o\000n}{section.59}% 53
\BOOKMARK [0][-]{chapter.97}{\376\377\000D\000e\000v\000e\000l\000o\000p\000m\000e\000n\000t\000\040\000E\000n\000v\000i\000r\000o\000n\000m\000e\000n\000t\000\040\000a\000n\000d\000\040\000T\000o\000o\000l\000s}{}% 54
\BOOKMARK [1][-]{section.98}{\376\377\000C\000o\000d\000e\000\040\000E\000d\000i\000t\000o\000r\000s\000\040\000a\000n\000d\000\040\000I\000n\000t\000e\000g\000r\000a\000t\000e\000d\000\040\000D\000e\000v\000e\000l\000o\000p\000m\000e\000n\000t\000\040\000E\000n\000v\000i\000r\000o\000n\000m\000e\000n\000t\000s}{chapter.97}% 55
\BOOKMARK [1][-]{section.99}{\376\377\000P\000r\000o\000g\000r\000a\000m\000m\000i\000n\000g\000,\000\040\000W\000e\000b\000\040\000S\000e\000r\000v\000i\000c\000e\000s\000,\000\040\000a\000n\000d\000\040\000T\000e\000s\000t\000i\000n\000g}{chapter.97}% 56
\BOOKMARK [1][-]{section.100}{\376\377\000V\000e\000r\000s\000i\000o\000n\000\040\000C\000o\000n\000t\000r\000o\000l\000,\000\040\000C\000o\000n\000t\000i\000n\000u\000o\000u\000s\000\040\000I\000n\000t\000e\000g\000r\000a\000t\000i\000o\000n\000,\000\040\000a\000n\000d\000\040\000C\000o\000n\000t\000a\000i\000n\000e\000r\000s}{chapter.97}% 57
\BOOKMARK [1][-]{section.101}{\376\377\000A\000P\000I\000\040\000D\000e\000v\000e\000l\000o\000p\000m\000e\000n\000t\000\040\000a\000n\000d\000\040\000V\000a\000l\000i\000d\000a\000t\000i\000o\000n}{chapter.97}% 58
\BOOKMARK [1][-]{section.102}{\376\377\000D\000e\000p\000l\000o\000y\000m\000e\000n\000t\000\040\000a\000n\000d\000\040\000O\000p\000e\000r\000a\000t\000i\000o\000n\000a\000l\000\040\000V\000a\000l\000i\000d\000a\000t\000i\000o\000n}{chapter.97}% 59
\BOOKMARK [0][-]{appendix.103}{\376\377\000A\000c\000r\000o\000n\000y\000m\000s}{}% 60
\BOOKMARK [0][-]{appendix*.105}{\376\377\000B\000i\000b\000l\000i\000o\000g\000r\000a\000p\000h\000y}{}% 61
